Using pre-set license
Built from '2020.3/staging' branch; Version is '2020.3.8f1 (507919d4fff5) revision 5273881'; Using compiler version '192528614'; Build Type 'Release'
OS: 'Windows 10 Pro; OS build 19041.1165; Version 2004; 64bit' Language: 'zh' Physical Memory: 8152 MB
BatchMode: 1, IsHumanControllingUs: 0, StartBugReporterOnCrash: 0, Is64bit: 1, IsPro: 0

 COMMAND LINE ARGUMENTS:
C:\Program Files\Unity\Hub\Editor\2020.3.8f1\Editor\Unity.exe
-adb2
-batchMode
-noUpm
-name
AssetImportWorker0
-projectPath
D:/Unity_Project/Live2D_MouseControll
-logFile
Logs/AssetImportWorker0.log
-srvPort
61202
Successfully changed project path to: D:/Unity_Project/Live2D_MouseControll
D:/Unity_Project/Live2D_MouseControll
Using Asset Import Pipeline V2.
Refreshing native plugins compatible for Editor in 74.87 ms, found 2 plugins.
Preloading 0 native plugins for Editor in 0.00 ms.
Initialize engine version: 2020.3.8f1 (507919d4fff5)
[Subsystems] Discovering subsystems at path C:/Program Files/Unity/Hub/Editor/2020.3.8f1/Editor/Data/Resources/UnitySubsystems
[Subsystems] Discovering subsystems at path D:/Unity_Project/Live2D_MouseControll/Assets
GfxDevice: creating device client; threaded=0
Direct3D:
    Version:  Direct3D 11.0 [level 11.1]
    Renderer: NVIDIA GeForce GTX 1060 3GB (ID=0x1c02)
    Vendor:   
    VRAM:     2988 MB
    Driver:   27.21.14.5751
Initialize mono
Mono path[0] = 'C:/Program Files/Unity/Hub/Editor/2020.3.8f1/Editor/Data/Managed'
Mono path[1] = 'C:/Program Files/Unity/Hub/Editor/2020.3.8f1/Editor/Data/MonoBleedingEdge/lib/mono/unityjit'
Mono config path = 'C:/Program Files/Unity/Hub/Editor/2020.3.8f1/Editor/Data/MonoBleedingEdge/etc'
Using monoOptions --debugger-agent=transport=dt_socket,embedding=1,server=y,suspend=n,address=127.0.0.1:56728
Begin MonoManager ReloadAssembly
Registering precompiled unity dll's ...
Register platform support module: C:/Program Files/Unity/Hub/Editor/2020.3.8f1/Editor/Data/PlaybackEngines/WindowsStandaloneSupport/UnityEditor.WindowsStandalone.Extensions.dll
Registered in 0.004495 seconds.
Native extension for WindowsStandalone target not found
Refreshing native plugins compatible for Editor in 60.21 ms, found 2 plugins.
Preloading 0 native plugins for Editor in 0.00 ms.
Mono: successfully reloaded assembly
- Completed reload, in  2.204 seconds
Platform modules already initialized, skipping
Registering precompiled user dll's ...
Registered in 0.005870 seconds.
Begin MonoManager ReloadAssembly
Native extension for WindowsStandalone target not found
Refreshing native plugins compatible for Editor in 59.53 ms, found 2 plugins.
Preloading 0 native plugins for Editor in 0.00 ms.
Mono: successfully reloaded assembly
- Completed reload, in  2.339 seconds
Platform modules already initialized, skipping
========================================================================
Worker process is ready to serve import requests
Launched and connected shader compiler UnityShaderCompiler.exe after 0.24 seconds
Refreshing native plugins compatible for Editor in 1.14 ms, found 2 plugins.
Preloading 0 native plugins for Editor in 0.00 ms.
Unloading 2008 Unused Serialized files (Serialized files now loaded: 0)
System memory in use before: 93.1 MB.
System memory in use after: 93.1 MB.

Unloading 41 unused Assets to reduce memory usage. Loaded Objects now: 2434.
Total: 2.852800 ms (FindLiveObjects: 0.252600 ms CreateObjectMapping: 0.107300 ms MarkObjects: 2.327200 ms  DeleteObjects: 0.163500 ms)

========================================================================
Received Import Request.
  path: Assets/Scripts/KeyBoardAnimation/KeyBoardAnimation.cs
  artifactKey: Guid(f9cf2c470783c3440aac78dd45400b54) Importer(815301076,1909f56bfc062723c751e8b465ee728b)
Start importing Assets/Scripts/KeyBoardAnimation/KeyBoardAnimation.cs using Guid(f9cf2c470783c3440aac78dd45400b54) Importer(815301076,1909f56bfc062723c751e8b465ee728b)  -> (artifact id: '9097bea5bcd5a02c7388f0c9b97fac37') in 0.097682 seconds
  Import took 0.133057 seconds .

========================================================================
Received Prepare
Refreshing native plugins compatible for Editor in 33.00 ms, found 2 plugins.
Preloading 0 native plugins for Editor in 0.00 ms.
Unloading 26 Unused Serialized files (Serialized files now loaded: 0)
System memory in use before: 53.7 MB.
System memory in use after: 53.7 MB.

Unloading 26 unused Assets to reduce memory usage. Loaded Objects now: 2434.
Total: 2.756000 ms (FindLiveObjects: 0.233700 ms CreateObjectMapping: 0.104000 ms MarkObjects: 2.102000 ms  DeleteObjects: 0.315000 ms)

========================================================================
Received Import Request.
  Time since last request: 228.031633 seconds.
  path: Assets/CubismModel/haru_greeter_pro_jp/runtime/haru_greeter_t03.controller
  artifactKey: Guid(5fdb79523c1a553469d2be58509403a7) Importer(815301076,1909f56bfc062723c751e8b465ee728b)
Start importing Assets/CubismModel/haru_greeter_pro_jp/runtime/haru_greeter_t03.controller using Guid(5fdb79523c1a553469d2be58509403a7) Importer(815301076,1909f56bfc062723c751e8b465ee728b)  -> (artifact id: 'ffcacc421ee4bf6767be3b7a8eb5fa2e') in 0.214020 seconds
  Import took 0.238891 seconds .

========================================================================
Received Prepare
Registering precompiled user dll's ...
Registered in 0.004803 seconds.
Begin MonoManager ReloadAssembly
Native extension for WindowsStandalone target not found
Refreshing native plugins compatible for Editor in 0.60 ms, found 2 plugins.
Preloading 0 native plugins for Editor in 0.00 ms.
Mono: successfully reloaded assembly
- Completed reload, in  1.278 seconds
Platform modules already initialized, skipping
Refreshing native plugins compatible for Editor in 0.63 ms, found 2 plugins.
Preloading 0 native plugins for Editor in 0.00 ms.
Unloading 2001 Unused Serialized files (Serialized files now loaded: 0)
System memory in use before: 92.9 MB.
System memory in use after: 92.9 MB.

Unloading 29 unused Assets to reduce memory usage. Loaded Objects now: 2438.
Total: 2.392000 ms (FindLiveObjects: 0.203100 ms CreateObjectMapping: 0.078300 ms MarkObjects: 1.980300 ms  DeleteObjects: 0.128800 ms)

========================================================================
Received Prepare
Registering precompiled user dll's ...
Registered in 0.004431 seconds.
Begin MonoManager ReloadAssembly
Native extension for WindowsStandalone target not found
Refreshing native plugins compatible for Editor in 0.85 ms, found 2 plugins.
Preloading 0 native plugins for Editor in 0.00 ms.
Mono: successfully reloaded assembly
- Completed reload, in  1.377 seconds
Platform modules already initialized, skipping
Refreshing native plugins compatible for Editor in 0.99 ms, found 2 plugins.
Preloading 0 native plugins for Editor in 0.00 ms.
Unloading 2001 Unused Serialized files (Serialized files now loaded: 0)
System memory in use before: 93.0 MB.
System memory in use after: 92.9 MB.

Unloading 29 unused Assets to reduce memory usage. Loaded Objects now: 2442.
Total: 2.362700 ms (FindLiveObjects: 0.251500 ms CreateObjectMapping: 0.095300 ms MarkObjects: 1.891300 ms  DeleteObjects: 0.122600 ms)

========================================================================
Received Import Request.
  Time since last request: 584.962586 seconds.
  path: Assets/CubismModel/miku_pro_jp/runtime/miku_sample_t04.controller
  artifactKey: Guid(d317525c08b13e84bbca67f6a2a11fbe) Importer(815301076,1909f56bfc062723c751e8b465ee728b)
Start importing Assets/CubismModel/miku_pro_jp/runtime/miku_sample_t04.controller using Guid(d317525c08b13e84bbca67f6a2a11fbe) Importer(815301076,1909f56bfc062723c751e8b465ee728b)  -> (artifact id: 'e70219a16ad86887ba873548a8053006') in 0.041043 seconds
  Import took 0.061322 seconds .

========================================================================
Received Prepare
Registering precompiled user dll's ...
Registered in 0.005598 seconds.
Begin MonoManager ReloadAssembly
Native extension for WindowsStandalone target not found
Refreshing native plugins compatible for Editor in 0.68 ms, found 2 plugins.
Preloading 0 native plugins for Editor in 0.00 ms.
Mono: successfully reloaded assembly
- Completed reload, in  1.318 seconds
Platform modules already initialized, skipping
Refreshing native plugins compatible for Editor in 0.61 ms, found 2 plugins.
Preloading 0 native plugins for Editor in 0.00 ms.
Unloading 2001 Unused Serialized files (Serialized files now loaded: 0)
System memory in use before: 93.0 MB.
System memory in use after: 93.0 MB.

Unloading 29 unused Assets to reduce memory usage. Loaded Objects now: 2446.
Total: 2.154500 ms (FindLiveObjects: 0.189400 ms CreateObjectMapping: 0.076000 ms MarkObjects: 1.739100 ms  DeleteObjects: 0.148900 ms)

========================================================================
Received Import Request.
  Time since last request: 225.295905 seconds.
  path: Assets/CubismModel/natori_pro_jp/runtime/natori_pro_t06.controller
  artifactKey: Guid(fbd27ec9422944a418a426076cc7130b) Importer(815301076,1909f56bfc062723c751e8b465ee728b)
Start importing Assets/CubismModel/natori_pro_jp/runtime/natori_pro_t06.controller using Guid(fbd27ec9422944a418a426076cc7130b) Importer(815301076,1909f56bfc062723c751e8b465ee728b)  -> (artifact id: 'cc388248d712f46d70450ecd83aeeb54') in 0.066938 seconds
  Import took 0.114966 seconds .

========================================================================
Received Prepare
Registering precompiled user dll's ...
Registered in 0.004643 seconds.
Begin MonoManager ReloadAssembly
Native extension for WindowsStandalone target not found
Refreshing native plugins compatible for Editor in 0.84 ms, found 2 plugins.
Preloading 0 native plugins for Editor in 0.00 ms.
Mono: successfully reloaded assembly
- Completed reload, in  1.212 seconds
Platform modules already initialized, skipping
Refreshing native plugins compatible for Editor in 0.65 ms, found 2 plugins.
Preloading 0 native plugins for Editor in 0.00 ms.
Unloading 2001 Unused Serialized files (Serialized files now loaded: 0)
System memory in use before: 93.0 MB.
System memory in use after: 93.0 MB.

Unloading 29 unused Assets to reduce memory usage. Loaded Objects now: 2450.
Total: 2.432600 ms (FindLiveObjects: 0.280300 ms CreateObjectMapping: 0.087500 ms MarkObjects: 1.908400 ms  DeleteObjects: 0.155400 ms)

========================================================================
Received Import Request.
  Time since last request: 84.689084 seconds.
  path: Assets/CubismModel/chitose/runtime/chitose.controller
  artifactKey: Guid(b82192dfd2eba4846beca6c206fad662) Importer(815301076,1909f56bfc062723c751e8b465ee728b)
Start importing Assets/CubismModel/chitose/runtime/chitose.controller using Guid(b82192dfd2eba4846beca6c206fad662) Importer(815301076,1909f56bfc062723c751e8b465ee728b)  -> (artifact id: 'cd56e4f482e6033b13a4abcb99cd7b76') in 0.047290 seconds
  Import took 0.068245 seconds .

========================================================================
Received Prepare
Registering precompiled user dll's ...
Registered in 0.007734 seconds.
Begin MonoManager ReloadAssembly
Native extension for WindowsStandalone target not found
Refreshing native plugins compatible for Editor in 0.60 ms, found 2 plugins.
Preloading 0 native plugins for Editor in 0.00 ms.
Mono: successfully reloaded assembly
- Completed reload, in  1.277 seconds
Platform modules already initialized, skipping
Refreshing native plugins compatible for Editor in 0.72 ms, found 2 plugins.
Preloading 0 native plugins for Editor in 0.00 ms.
Unloading 2001 Unused Serialized files (Serialized files now loaded: 0)
System memory in use before: 93.0 MB.
System memory in use after: 93.0 MB.

Unloading 29 unused Assets to reduce memory usage. Loaded Objects now: 2454.
Total: 2.106700 ms (FindLiveObjects: 0.188800 ms CreateObjectMapping: 0.077900 ms MarkObjects: 1.695600 ms  DeleteObjects: 0.143400 ms)

========================================================================
Received Prepare
Refreshing native plugins compatible for Editor in 14.33 ms, found 2 plugins.
Preloading 0 native plugins for Editor in 0.00 ms.
Unloading 26 Unused Serialized files (Serialized files now loaded: 0)
System memory in use before: 54.0 MB.
System memory in use after: 54.0 MB.

Unloading 26 unused Assets to reduce memory usage. Loaded Objects now: 2454.
Total: 2.933500 ms (FindLiveObjects: 0.205100 ms CreateObjectMapping: 0.090100 ms MarkObjects: 2.488600 ms  DeleteObjects: 0.148600 ms)

AssetImportWorkerClient::OnTransportError - code=2 error=End of file
