Using pre-set license
Built from '2020.3/staging' branch; Version is '2020.3.8f1 (507919d4fff5) revision 5273881'; Using compiler version '192528614'; Build Type 'Release'
OS: 'Windows 10 Pro; OS build 19041.1165; Version 2004; 64bit' Language: 'zh' Physical Memory: 8152 MB
BatchMode: 1, IsHumanControllingUs: 0, StartBugReporterOnCrash: 0, Is64bit: 1, IsPro: 0

 COMMAND LINE ARGUMENTS:
C:\Program Files\Unity\Hub\Editor\2020.3.8f1\Editor\Unity.exe
-adb2
-batchMode
-noUpm
-name
AssetImportWorker0
-projectPath
D:/Unity_Project/Live2D_MouseControll
-logFile
Logs/AssetImportWorker0.log
-srvPort
50007
Successfully changed project path to: D:/Unity_Project/Live2D_MouseControll
D:/Unity_Project/Live2D_MouseControll
Using Asset Import Pipeline V2.
Refreshing native plugins compatible for Editor in 91.62 ms, found 2 plugins.
Preloading 0 native plugins for Editor in 0.00 ms.
Initialize engine version: 2020.3.8f1 (507919d4fff5)
[Subsystems] Discovering subsystems at path C:/Program Files/Unity/Hub/Editor/2020.3.8f1/Editor/Data/Resources/UnitySubsystems
[Subsystems] Discovering subsystems at path D:/Unity_Project/Live2D_MouseControll/Assets
GfxDevice: creating device client; threaded=0
Direct3D:
    Version:  Direct3D 11.0 [level 11.1]
    Renderer: NVIDIA GeForce GTX 1060 3GB (ID=0x1c02)
    Vendor:   
    VRAM:     2988 MB
    Driver:   27.21.14.5751
Initialize mono
Mono path[0] = 'C:/Program Files/Unity/Hub/Editor/2020.3.8f1/Editor/Data/Managed'
Mono path[1] = 'C:/Program Files/Unity/Hub/Editor/2020.3.8f1/Editor/Data/MonoBleedingEdge/lib/mono/unityjit'
Mono config path = 'C:/Program Files/Unity/Hub/Editor/2020.3.8f1/Editor/Data/MonoBleedingEdge/etc'
Using monoOptions --debugger-agent=transport=dt_socket,embedding=1,server=y,suspend=n,address=127.0.0.1:56972
Begin MonoManager ReloadAssembly
Registering precompiled unity dll's ...
Register platform support module: C:/Program Files/Unity/Hub/Editor/2020.3.8f1/Editor/Data/PlaybackEngines/WindowsStandaloneSupport/UnityEditor.WindowsStandalone.Extensions.dll
Registered in 0.003811 seconds.
Native extension for WindowsStandalone target not found
Refreshing native plugins compatible for Editor in 51.98 ms, found 2 plugins.
Preloading 0 native plugins for Editor in 0.00 ms.
Mono: successfully reloaded assembly
- Completed reload, in  2.204 seconds
Platform modules already initialized, skipping
Registering precompiled user dll's ...
Registered in 0.005586 seconds.
Begin MonoManager ReloadAssembly
Native extension for WindowsStandalone target not found
Refreshing native plugins compatible for Editor in 53.12 ms, found 2 plugins.
Preloading 0 native plugins for Editor in 0.00 ms.
Mono: successfully reloaded assembly
- Completed reload, in  1.520 seconds
Platform modules already initialized, skipping
========================================================================
Worker process is ready to serve import requests
Launched and connected shader compiler UnityShaderCompiler.exe after 0.08 seconds
Refreshing native plugins compatible for Editor in 0.58 ms, found 2 plugins.
Preloading 0 native plugins for Editor in 0.00 ms.
Unloading 2008 Unused Serialized files (Serialized files now loaded: 0)
System memory in use before: 93.1 MB.
System memory in use after: 93.0 MB.

Unloading 41 unused Assets to reduce memory usage. Loaded Objects now: 2434.
Total: 2.220600 ms (FindLiveObjects: 0.206800 ms CreateObjectMapping: 0.094000 ms MarkObjects: 1.776500 ms  DeleteObjects: 0.142000 ms)

========================================================================
Received Import Request.
  path: Assets/Scripts/MouseEvent/ScaleModel.cs
  artifactKey: Guid(a178634df40482c42be5c6346fcc937d) Importer(815301076,1909f56bfc062723c751e8b465ee728b)
Start importing Assets/Scripts/MouseEvent/ScaleModel.cs using Guid(a178634df40482c42be5c6346fcc937d) Importer(815301076,1909f56bfc062723c751e8b465ee728b)  -> (artifact id: 'a56707868db413f3dcfc553d7f3b5b81') in 0.042169 seconds
  Import took 0.045427 seconds .

========================================================================
Received Import Request.
  Time since last request: 0.000354 seconds.
  path: Assets/sample-hiyori_movie.png
  artifactKey: Guid(42b9bbebe3f9c8d4aa2c2a2fd6b7e227) Importer(815301076,1909f56bfc062723c751e8b465ee728b)
Start importing Assets/sample-hiyori_movie.png using Guid(42b9bbebe3f9c8d4aa2c2a2fd6b7e227) Importer(815301076,1909f56bfc062723c751e8b465ee728b)  -> (artifact id: '8799e49fdfcf06b3fa59a6010fd1a73d') in 0.157948 seconds
  Import took 0.161723 seconds .

========================================================================
Received Import Request.
  Time since last request: 10.751828 seconds.
  path: Assets/Prefab
  artifactKey: Guid(99148bd9fd279e64ebdb563746dbd637) Importer(815301076,1909f56bfc062723c751e8b465ee728b)
Start importing Assets/Prefab using Guid(99148bd9fd279e64ebdb563746dbd637) Importer(815301076,1909f56bfc062723c751e8b465ee728b)  -> (artifact id: 'e6e07a5a4f966884a42c62382f1e65b9') in 0.019922 seconds
  Import took 0.024156 seconds .

========================================================================
Received Import Request.
  Time since last request: 11.595941 seconds.
  path: Assets/Prefab/refGameObject.prefab
  artifactKey: Guid(68d90d979c537f947bd10f6af1f8db49) Importer(815301076,1909f56bfc062723c751e8b465ee728b)
Start importing Assets/Prefab/refGameObject.prefab using Guid(68d90d979c537f947bd10f6af1f8db49) Importer(815301076,1909f56bfc062723c751e8b465ee728b)  -> (artifact id: 'f4df4486c2b7d74927ad6602671e82f0') in 0.030735 seconds
  Import took 0.035514 seconds .

========================================================================
Received Prepare
Registering precompiled user dll's ...
Registered in 0.009753 seconds.
Begin MonoManager ReloadAssembly
Native extension for WindowsStandalone target not found
Refreshing native plugins compatible for Editor in 0.56 ms, found 2 plugins.
Preloading 0 native plugins for Editor in 0.00 ms.
Mono: successfully reloaded assembly
- Completed reload, in  1.304 seconds
Platform modules already initialized, skipping
Refreshing native plugins compatible for Editor in 0.60 ms, found 2 plugins.
Preloading 0 native plugins for Editor in 0.00 ms.
Unloading 2001 Unused Serialized files (Serialized files now loaded: 0)
System memory in use before: 95.8 MB.
System memory in use after: 95.8 MB.

Unloading 29 unused Assets to reduce memory usage. Loaded Objects now: 2444.
Total: 2.424700 ms (FindLiveObjects: 0.264900 ms CreateObjectMapping: 0.102500 ms MarkObjects: 1.922900 ms  DeleteObjects: 0.132700 ms)

========================================================================
Received Prepare
Refreshing native plugins compatible for Editor in 16.28 ms, found 2 plugins.
Preloading 0 native plugins for Editor in 0.00 ms.
Unloading 26 Unused Serialized files (Serialized files now loaded: 0)
System memory in use before: 56.8 MB.
System memory in use after: 56.8 MB.

Unloading 26 unused Assets to reduce memory usage. Loaded Objects now: 2444.
Total: 2.707500 ms (FindLiveObjects: 0.376400 ms CreateObjectMapping: 0.187500 ms MarkObjects: 2.004200 ms  DeleteObjects: 0.138100 ms)

AssetImportWorkerClient::OnTransportError - code=2 error=End of file
